[2020-02-14 20:47:58 #8543.1]	INFO	Server is shutdown now
string(22) "shake success at fd :1"
string(22) "shake success at fd :2"
string(22) "shake success at fd :3"
string(22) "shake success at fd :4"
string(22) "shake success at fd :5"
string(22) "shake success at fd :6"
string(22) "shake success at fd :7"
string(22) "shake success at fd :8"
string(22) "shake success at fd :9"
string(23) "shake success at fd :10"
string(23) "shake success at fd :11"
string(23) "shake success at fd :12"
string(23) "shake success at fd :13"
string(23) "shake success at fd :14"
string(23) "shake success at fd :15"
string(23) "shake success at fd :16"
string(23) "shake success at fd :17"
string(23) "shake success at fd :18"
string(23) "shake success at fd :19"
string(23) "shake success at fd :20"
string(23) "shake success at fd :21"
string(23) "shake success at fd :22"
string(23) "shake success at fd :23"
string(23) "shake success at fd :24"
string(23) "shake success at fd :25"
string(23) "shake success at fd :26"
string(23) "shake success at fd :27"
string(23) "shake success at fd :28"
string(23) "shake success at fd :29"
string(23) "shake success at fd :30"
string(23) "shake success at fd :31"
string(23) "shake success at fd :32"
string(23) "shake success at fd :33"
string(23) "shake success at fd :34"
string(23) "shake success at fd :35"
string(23) "shake success at fd :36"
string(23) "shake success at fd :37"
string(23) "shake success at fd :38"
string(23) "shake success at fd :39"
string(23) "shake success at fd :40"
string(23) "shake success at fd :41"
string(23) "shake success at fd :42"
string(23) "shake success at fd :43"
string(23) "shake success at fd :44"
string(23) "shake success at fd :45"
string(23) "shake success at fd :46"
string(23) "shake success at fd :47"
string(23) "shake success at fd :48"
string(23) "shake success at fd :49"
string(23) "shake success at fd :50"
string(23) "shake success at fd :51"
string(23) "shake success at fd :52"
string(23) "shake success at fd :53"
string(23) "shake success at fd :54"
string(23) "shake success at fd :55"
string(23) "shake success at fd :56"
string(23) "shake success at fd :57"
string(23) "shake success at fd :58"
string(23) "shake success at fd :59"
string(23) "shake success at fd :60"
string(23) "shake success at fd :61"
string(23) "shake success at fd :62"
string(23) "shake success at fd :63"
string(23) "shake success at fd :64"
string(23) "shake success at fd :65"
string(23) "shake success at fd :66"
string(23) "shake success at fd :67"
string(23) "shake success at fd :68"
string(23) "shake success at fd :69"
string(23) "shake success at fd :70"
string(23) "shake success at fd :71"
string(23) "shake success at fd :72"
string(23) "shake success at fd :73"
string(23) "shake success at fd :74"
string(23) "shake success at fd :75"
string(23) "shake success at fd :76"
string(23) "shake success at fd :77"
string(23) "shake success at fd :78"
string(23) "shake success at fd :79"
string(23) "shake success at fd :80"
string(23) "shake success at fd :81"
string(23) "shake success at fd :82"
string(23) "shake success at fd :84"
string(23) "shake success at fd :85"
string(23) "shake success at fd :89"
[2020-02-16 16:21:33 #8604.1]	INFO	Server is shutdown now
[2020-02-16 18:14:42 *18196.0]	ERROR	php_swoole_server_rshutdown (ERRNO 503): Fatal error: Uncaught EasySwoole\Socket\Exception\ControllerPoolEmpty: controller pool empty for \App\WebSocket\Client\Rob in /data/easyswoole/vendor/easyswoole/socket/src/Dispatcher.php:89
Stack trace:
#0 /data/easyswoole/EasySwooleEvent.php(77): EasySwoole\Socket\Dispatcher->dispatch(Object(Swoole\WebSocket\Server), '{"class":"rob",...', Object(Swoole\WebSocket\Frame))
#1 [internal function]: EasySwoole\EasySwoole\EasySwooleEvent::EasySwoole\EasySwoole\{closure}(Object(Swoole\WebSocket\Server), Object(Swoole\WebSocket\Frame))
#2 /data/easyswoole/vendor/easyswoole/easyswoole/src/ServerManager.php(134): call_user_func(Object(Closure), Object(Swoole\WebSocket\Server), Object(Swoole\WebSocket\Frame))
#3 {main}
  thrown in /data/easyswoole/vendor/easyswoole/socket/src/Dispatcher.php on line 89
[2020-02-16 18:14:42 $17727.0]	WARNING	swManager_check_exit_status: worker#0[pid=18196] abnormal exit, status=255, signal=0
[2020-02-16 18:21:07 *18543.1]	ERROR	php_swoole_server_rshutdown (ERRNO 503): Fatal error: Uncaught Error: Call to undefined method App\WebSocket\Cache\RoomCache::setLord() in /data/easyswoole/App/WebSocket/Service/RobService.php:53
Stack trace:
#0 /data/easyswoole/App/WebSocket/Client/Rob.php(45): App\WebSocket\Service\RobService->setLord('000103', Array)
#1 /data/easyswoole/vendor/easyswoole/socket/src/AbstractInterface/Controller.php(124): App\WebSocket\Client\Rob->state()
#2 /data/easyswoole/vendor/easyswoole/socket/src/Dispatcher.php(82): EasySwoole\Socket\AbstractInterface\Controller->__hook(Object(Swoole\WebSocket\Server), Object(EasySwoole\Socket\Config), Object(EasySwoole\Socket\Bean\Caller), Object(EasySwoole\Socket\Bean\Response))
#3 /data/easyswoole/EasySwooleEvent.php(77): EasySwoole\Socket\Dispatcher->dispatch(Object(Swoole\WebSocket\Server), '{"class":"rob",...', Object(Swoole\WebSocket\Frame))
#4 [internal function]: EasySwoole\EasySwoole\EasySwooleEvent::EasySwoole\EasySwoole\{closure}(Object(Swoole\WebSocket\Server), Object(Swoole\WebSocket\Frame))
#5 /data/easyswoole/vendor/easys in /data/easyswoole/App/WebSocket/Service/RobService.php on line 53
[2020-02-16 18:23:33 *18670.1]	ERROR	php_swoole_server_rshutdown (ERRNO 503): Fatal error: Uncaught Error: Unsupported operand types in /data/easyswoole/App/WebSocket/Service/RobService.php:53
Stack trace:
#0 /data/easyswoole/App/WebSocket/Client/Rob.php(45): App\WebSocket\Service\RobService->setLord('000104', Array)
#1 /data/easyswoole/vendor/easyswoole/socket/src/AbstractInterface/Controller.php(124): App\WebSocket\Client\Rob->state()
#2 /data/easyswoole/vendor/easyswoole/socket/src/Dispatcher.php(82): EasySwoole\Socket\AbstractInterface\Controller->__hook(Object(Swoole\WebSocket\Server), Object(EasySwoole\Socket\Config), Object(EasySwoole\Socket\Bean\Caller), Object(EasySwoole\Socket\Bean\Response))
#3 /data/easyswoole/EasySwooleEvent.php(77): EasySwoole\Socket\Dispatcher->dispatch(Object(Swoole\WebSocket\Server), '{"class":"rob",...', Object(Swoole\WebSocket\Frame))
#4 [internal function]: EasySwoole\EasySwoole\EasySwooleEvent::EasySwoole\EasySwoole\{closure}(Object(Swoole\WebSocket\Server), Object(Swoole\WebSocket\Frame))
#5 /data/easyswoole/vendor/easyswoole/easyswoole/src/ServerManager.php(1 in /data/easyswoole/App/WebSocket/Service/RobService.php on line 53
[2020-02-16 18:25:52 *18812.1]	ERROR	php_swoole_server_rshutdown (ERRNO 503): Fatal error: Uncaught Error: Unsupported operand types in /data/easyswoole/App/WebSocket/Service/RobService.php:54
Stack trace:
#0 /data/easyswoole/App/WebSocket/Client/Rob.php(45): App\WebSocket\Service\RobService->setLord('000105', Array)
#1 /data/easyswoole/vendor/easyswoole/socket/src/AbstractInterface/Controller.php(124): App\WebSocket\Client\Rob->state()
#2 /data/easyswoole/vendor/easyswoole/socket/src/Dispatcher.php(82): EasySwoole\Socket\AbstractInterface\Controller->__hook(Object(Swoole\WebSocket\Server), Object(EasySwoole\Socket\Config), Object(EasySwoole\Socket\Bean\Caller), Object(EasySwoole\Socket\Bean\Response))
#3 /data/easyswoole/EasySwooleEvent.php(77): EasySwoole\Socket\Dispatcher->dispatch(Object(Swoole\WebSocket\Server), '{"class":"rob",...', Object(Swoole\WebSocket\Frame))
#4 [internal function]: EasySwoole\EasySwoole\EasySwooleEvent::EasySwoole\EasySwoole\{closure}(Object(Swoole\WebSocket\Server), Object(Swoole\WebSocket\Frame))
#5 /data/easyswoole/vendor/easyswoole/easyswoole/src/ServerManager.php(1 in /data/easyswoole/App/WebSocket/Service/RobService.php on line 54
[2020-02-16 22:10:19 *30055.0]	ERROR	php_swoole_server_rshutdown (ERRNO 503): Fatal error: Uncaught EasySwoole\Redis\Exception\RedisException: ERR Protocol error: invalid bulk length in /data/easyswoole/vendor/easyswoole/redis/src/Redis.php:2883
Stack trace:
#0 /data/easyswoole/vendor/easyswoole/redis/src/Redis.php(919): EasySwoole\Redis\Redis->recv()
#1 /data/easyswoole/App/WebSocket/Cache/GameCache.php(66): EasySwoole\Redis\Redis->hGet('game:000114', Array)
#2 [internal function]: App\WebSocket\Cache\GameCache->App\WebSocket\Cache\{closure}(Object(EasySwoole\Redis\Redis))
#3 /data/easyswoole/vendor/easyswoole/pool/src/AbstractPool.php(345): call_user_func(Object(Closure), Object(EasySwoole\Redis\Redis))
#4 /data/easyswoole/vendor/easyswoole/redis-pool/src/Redis.php(52): EasySwoole\Pool\AbstractPool->invoke(Object(Closure), NULL)
#5 /data/easyswoole/App/WebSocket/Cache/GameCache.php(74): EasySwoole\RedisPool\Redis::invoke('redis', Object(Closure))
#6 /data/easyswoole/App/WebSocket/Service/RobService.php(53): App\WebSocket\Cache\GameCache->setLord('000114', 1)
#7 /data/easyswoole/App/WebSocket/Clie in /data/easyswoole/vendor/easyswoole/redis/src/Redis.php on line 2883
[2020-02-16 22:10:19 $30053.0]	WARNING	swManager_check_exit_status: worker#0[pid=30055] abnormal exit, status=255, signal=0
string(22) "shake success at fd :1"
string(22) "shake success at fd :2"
string(22) "shake success at fd :3"
string(22) "shake success at fd :4"
string(22) "shake success at fd :2"
string(22) "shake success at fd :3"
string(22) "shake success at fd :4"
string(22) "shake success at fd :5"
string(22) "shake success at fd :6"
string(22) "shake success at fd :7"
string(22) "shake success at fd :8"
string(22) "shake success at fd :9"
string(23) "shake success at fd :10"
string(23) "shake success at fd :11"
string(23) "shake success at fd :12"
string(23) "shake success at fd :13"
string(23) "shake success at fd :14"
string(23) "shake success at fd :15"
[2020-02-19 16:17:43 #18344.1]	INFO	Server is shutdown now
[2020-02-19 16:56:47 *6520.0]	ERROR	php_swoole_server_rshutdown (ERRNO 503): Fatal error: Uncaught ArgumentCountError: Too few arguments to function EasySwoole\Redis\Redis::hIncrBy(), 2 passed in /data/doudizhu/easyswoole/App/WebSocket/Cache/GameCache.php on line 113 and exactly 3 expected in /data/doudizhu/easyswoole/vendor/easyswoole/redis/src/Redis.php:1031
Stack trace:
#0 /data/doudizhu/easyswoole/App/WebSocket/Cache/GameCache.php(113): EasySwoole\Redis\Redis->hIncrBy('game:000135', 'turn')
#1 [internal function]: App\WebSocket\Cache\GameCache->App\WebSocket\Cache\{closure}(Object(EasySwoole\Redis\Redis))
#2 /data/doudizhu/easyswoole/vendor/easyswoole/pool/src/AbstractPool.php(345): call_user_func(Object(Closure), Object(EasySwoole\Redis\Redis))
#3 /data/doudizhu/easyswoole/vendor/easyswoole/redis-pool/src/Redis.php(52): EasySwoole\Pool\AbstractPool->invoke(Object(Closure), NULL)
#4 /data/doudizhu/easyswoole/App/WebSocket/Cache/GameCache.php(117): EasySwoole\RedisPool\Redis::invoke('redis', Object(Closure))
#5 /data/doudizhu/easyswoole/App/WebSocket/Service/PlayService.php(25): App\WebSocket\C in /data/doudizhu/easyswoole/vendor/easyswoole/redis/src/Redis.php on line 1031
[2020-02-19 16:56:47 $6518.0]	WARNING	swManager_check_exit_status: worker#0[pid=6520] abnormal exit, status=255, signal=0
[2020-02-19 16:58:10 *6597.0]	ERROR	php_swoole_server_rshutdown (ERRNO 503): Fatal error: Uncaught Error: Cannot use object of type stdClass as array in /data/doudizhu/easyswoole/App/WebSocket/Client/Play.php:48
Stack trace:
#0 /data/doudizhu/easyswoole/vendor/easyswoole/socket/src/AbstractInterface/Controller.php(124): App\WebSocket\Client\Play->play()
#1 /data/doudizhu/easyswoole/vendor/easyswoole/socket/src/Dispatcher.php(82): EasySwoole\Socket\AbstractInterface\Controller->__hook(Object(Swoole\WebSocket\Server), Object(EasySwoole\Socket\Config), Object(EasySwoole\Socket\Bean\Caller), Object(EasySwoole\Socket\Bean\Response))
#2 /data/doudizhu/easyswoole/EasySwooleEvent.php(77): EasySwoole\Socket\Dispatcher->dispatch(Object(Swoole\WebSocket\Server), '{"class":"play"...', Object(Swoole\WebSocket\Frame))
#3 [internal function]: EasySwoole\EasySwoole\EasySwooleEvent::EasySwoole\EasySwoole\{closure}(Object(Swoole\WebSocket\Server), Object(Swoole\WebSocket\Frame))
#4 /data/doudizhu/easyswoole/vendor/easyswoole/easyswoole/src/ServerManager.php(134): call_user_func(Object(Closure), Object(Swoole\WebSoc in /data/doudizhu/easyswoole/App/WebSocket/Client/Play.php on line 48
[2020-02-19 16:58:10 $6595.0]	WARNING	swManager_check_exit_status: worker#0[pid=6597] abnormal exit, status=255, signal=0
[2020-02-21 10:28:07 *6462.0]	ERROR	php_swoole_server_rshutdown (ERRNO 503): Fatal error: Uncaught Error: Class 'App\WebSocket\Service\Card' not found in /data/doudizhu/easyswoole/App/WebSocket/Service/PlayService.php:46
Stack trace:
#0 /data/doudizhu/easyswoole/App/WebSocket/Client/Play.php(60): App\WebSocket\Service\PlayService->removeCard('000171', 1, Array)
#1 /data/doudizhu/easyswoole/vendor/easyswoole/socket/src/AbstractInterface/Controller.php(124): App\WebSocket\Client\Play->play()
#2 /data/doudizhu/easyswoole/vendor/easyswoole/socket/src/Dispatcher.php(82): EasySwoole\Socket\AbstractInterface\Controller->__hook(Object(Swoole\WebSocket\Server), Object(EasySwoole\Socket\Config), Object(EasySwoole\Socket\Bean\Caller), Object(EasySwoole\Socket\Bean\Response))
#3 /data/doudizhu/easyswoole/EasySwooleEvent.php(77): EasySwoole\Socket\Dispatcher->dispatch(Object(Swoole\WebSocket\Server), '{"class":"play"...', Object(Swoole\WebSocket\Frame))
#4 [internal function]: EasySwoole\EasySwoole\EasySwooleEvent::EasySwoole\EasySwoole\{closure}(Object(Swoole\WebSocket\Server), Object(Swoole\WebSocket\Frame)) in /data/doudizhu/easyswoole/App/WebSocket/Service/PlayService.php on line 46
[2020-02-21 10:28:07 $6460.0]	WARNING	swManager_check_exit_status: worker#0[pid=6462] abnormal exit, status=255, signal=0
[2020-02-22 16:49:22 *2786.0]	WARNING	swSignalfd_onSignal (ERRNO 707): Unable to find callback function for signal Hangup: 1
[2020-02-22 16:49:22 $2784.0]	WARNING	swSignal_callback (ERRNO 707): Unable to find callback function for signal Hangup: 1
[2020-02-22 16:49:22 $2784.0]	WARNING	swManager_check_exit_status: worker#1[pid=2787] abnormal exit, status=0, signal=1
[2020-02-22 16:49:22 #2783.1]	WARNING	swSignalfd_onSignal (ERRNO 707): Unable to find callback function for signal Hangup: 1
[2020-02-23 09:02:42 *2786.0]	NOTICE	php_swoole_server_rshutdown (ERRNO 9003): worker process is terminated by exit()/die()
[2020-02-23 09:03:07 *21355.0]	NOTICE	php_swoole_server_rshutdown (ERRNO 9003): worker process is terminated by exit()/die()
[2020-02-23 11:30:38 *21378.0]	NOTICE	php_swoole_server_rshutdown (ERRNO 9003): worker process is terminated by exit()/die()
[2020-02-23 11:31:08 #2783.1]	INFO	Server is shutdown now
[2020-02-23 14:26:16 *5125.0]	ERROR	php_swoole_server_rshutdown (ERRNO 503): Fatal error: Uncaught Error: Call to undefined function App\WebSocket\Cache\json_deocde() in /data/doudizhu/easyswoole/App/WebSocket/Cache/GameCache.php:134
Stack trace:
#0 [internal function]: App\WebSocket\Cache\GameCache->App\WebSocket\Cache\{closure}(Object(EasySwoole\Redis\Redis))
#1 /data/doudizhu/easyswoole/vendor/easyswoole/pool/src/AbstractPool.php(345): call_user_func(Object(Closure), Object(EasySwoole\Redis\Redis))
#2 /data/doudizhu/easyswoole/vendor/easyswoole/redis-pool/src/Redis.php(52): EasySwoole\Pool\AbstractPool->invoke(Object(Closure), NULL)
#3 /data/doudizhu/easyswoole/App/WebSocket/Cache/GameCache.php(135): EasySwoole\RedisPool\Redis::invoke('redis', Object(Closure))
#4 /data/doudizhu/easyswoole/App/WebSocket/Service/PlayService.php(52): App\WebSocket\Cache\GameCache->lastCards('000212')
#5 /data/doudizhu/easyswoole/App/WebSocket/Client/Play.php(46): App\WebSocket\Service\PlayService->lastCard('000212')
#6 /data/doudizhu/easyswoole/vendor/easyswoole/socket/src/AbstractInterface/Controller.php(124): Ap in /data/doudizhu/easyswoole/App/WebSocket/Cache/GameCache.php on line 134
[2020-02-23 14:26:16 $5123.0]	WARNING	swManager_check_exit_status: worker#0[pid=5125] abnormal exit, status=255, signal=0
[2020-02-23 14:45:18 *6137.0]	ERROR	php_swoole_server_rshutdown (ERRNO 503): Fatal error: Uncaught Error: Call to undefined method App\WebSocket\Service\PlayService::setThisCard() in /data/doudizhu/easyswoole/App/WebSocket/Client/Play.php:56
Stack trace:
#0 /data/doudizhu/easyswoole/vendor/easyswoole/socket/src/AbstractInterface/Controller.php(124): App\WebSocket\Client\Play->play()
#1 /data/doudizhu/easyswoole/vendor/easyswoole/socket/src/Dispatcher.php(82): EasySwoole\Socket\AbstractInterface\Controller->__hook(Object(Swoole\WebSocket\Server), Object(EasySwoole\Socket\Config), Object(EasySwoole\Socket\Bean\Caller), Object(EasySwoole\Socket\Bean\Response))
#2 /data/doudizhu/easyswoole/EasySwooleEvent.php(77): EasySwoole\Socket\Dispatcher->dispatch(Object(Swoole\WebSocket\Server), '{"class":"play"...', Object(Swoole\WebSocket\Frame))
#3 [internal function]: EasySwoole\EasySwoole\EasySwooleEvent::EasySwoole\EasySwoole\{closure}(Object(Swoole\WebSocket\Server), Object(Swoole\WebSocket\Frame))
#4 /data/doudizhu/easyswoole/vendor/easyswoole/easyswoole/src/ServerManager.php(134): call_user_func(Object( in /data/doudizhu/easyswoole/App/WebSocket/Client/Play.php on line 56
[2020-02-23 14:45:19 $6135.0]	WARNING	swManager_check_exit_status: worker#0[pid=6137] abnormal exit, status=255, signal=0
[2020-02-23 15:59:48 $8494.0]	WARNING	swSignal_callback (ERRNO 707): Unable to find callback function for signal Hangup: 1
[2020-02-23 15:59:48 $8494.0]	WARNING	swManager_check_exit_status: worker#1[pid=8497] abnormal exit, status=0, signal=1
[2020-02-23 15:59:48 #8493.1]	WARNING	swSignalfd_onSignal (ERRNO 707): Unable to find callback function for signal Hangup: 1
[2020-02-23 15:59:48 *8496.0]	WARNING	swSignalfd_onSignal (ERRNO 707): Unable to find callback function for signal Hangup: 1
[2020-02-23 20:23:45 *8496.0]	NOTICE	php_swoole_server_rshutdown (ERRNO 9003): worker process is terminated by exit()/die()
[2020-02-23 20:26:48 *23610.0]	NOTICE	php_swoole_server_rshutdown (ERRNO 9003): worker process is terminated by exit()/die()
[2020-02-23 20:31:46 #8493.1]	INFO	Server is shutdown now
string(22) "shake success at fd :1"
string(22) "shake success at fd :2"
string(22) "shake success at fd :3"
array(0) {
}
array(0) {
}
array(3) {
  ["type"]=>
  string(8) "straight"
  ["value"]=>
  int(8)
  ["length"]=>
  int(8)
}
array(3) {
  ["type"]=>
  string(8) "straight"
  ["value"]=>
  int(8)
  ["length"]=>
  int(8)
}
array(3) {
  ["type"]=>
  string(8) "straight"
  ["value"]=>
  int(8)
  ["length"]=>
  int(8)
}
array(3) {
  ["type"]=>
  string(8) "straight"
  ["value"]=>
  int(9)
  ["length"]=>
  int(8)
}
array(3) {
  ["type"]=>
  string(8) "straight"
  ["value"]=>
  int(9)
  ["length"]=>
  int(8)
}
array(3) {
  ["type"]=>
  string(8) "straight"
  ["value"]=>
  int(9)
  ["length"]=>
  int(8)
}
array(0) {
}
array(2) {
  ["type"]=>
  string(6) "single"
  ["value"]=>
  int(3)
}
array(2) {
  ["type"]=>
  string(6) "single"
  ["value"]=>
  int(3)
}
array(2) {
  ["type"]=>
  string(6) "single"
  ["value"]=>
  int(5)
}
array(2) {
  ["type"]=>
  string(6) "single"
  ["value"]=>
  int(3)
}
array(2) {
  ["type"]=>
  string(6) "single"
  ["value"]=>
  int(6)
}
array(2) {
  ["type"]=>
  string(6) "single"
  ["value"]=>
  int(5)
}
array(2) {
  ["type"]=>
  string(6) "single"
  ["value"]=>
  int(11)
}
array(2) {
  ["type"]=>
  string(6) "single"
  ["value"]=>
  int(6)
}
array(2) {
  ["type"]=>
  string(6) "single"
  ["value"]=>
  int(13)
}
array(2) {
  ["type"]=>
  string(6) "single"
  ["value"]=>
  int(11)
}
array(2) {
  ["type"]=>
  string(6) "single"
  ["value"]=>
  int(13)
}
array(0) {
}
array(2) {
  ["type"]=>
  string(6) "single"
  ["value"]=>
  int(2)
}
array(2) {
  ["type"]=>
  string(6) "single"
  ["value"]=>
  int(2)
}
array(2) {
  ["type"]=>
  string(6) "single"
  ["value"]=>
  int(3)
}
array(2) {
  ["type"]=>
  string(6) "single"
  ["value"]=>
  int(2)
}
array(2) {
  ["type"]=>
  string(6) "single"
  ["value"]=>
  int(5)
}
array(2) {
  ["type"]=>
  string(6) "single"
  ["value"]=>
  int(3)
}
array(2) {
  ["type"]=>
  string(6) "single"
  ["value"]=>
  int(6)
}
array(2) {
  ["type"]=>
  string(6) "single"
  ["value"]=>
  int(5)
}
array(2) {
  ["type"]=>
  string(6) "single"
  ["value"]=>
  int(11)
}
array(2) {
  ["type"]=>
  string(6) "single"
  ["value"]=>
  int(6)
}
array(2) {
  ["type"]=>
  string(6) "single"
  ["value"]=>
  int(13)
}
array(2) {
  ["type"]=>
  string(6) "single"
  ["value"]=>
  int(11)
}
array(2) {
  ["type"]=>
  string(4) "bomb"
  ["value"]=>
  int(14)
}
array(2) {
  ["type"]=>
  string(6) "single"
  ["value"]=>
  int(13)
}
array(2) {
  ["type"]=>
  string(4) "bomb"
  ["value"]=>
  int(14)
}
array(0) {
}
array(2) {
  ["type"]=>
  string(9) "threePair"
  ["value"]=>
  int(9)
}
array(2) {
  ["type"]=>
  string(9) "threePair"
  ["value"]=>
  int(9)
}
array(2) {
  ["type"]=>
  string(9) "threePair"
  ["value"]=>
  int(9)
}
array(0) {
}
array(2) {
  ["type"]=>
  string(6) "single"
  ["value"]=>
  int(12)
}
string(22) "shake success at fd :5"
string(22) "shake success at fd :6"
string(22) "shake success at fd :7"
array(0) {
}
array(0) {
}
array(3) {
  ["type"]=>
  string(8) "straight"
  ["value"]=>
  int(6)
  ["length"]=>
  int(6)
}
array(3) {
  ["type"]=>
  string(8) "straight"
  ["value"]=>
  int(6)
  ["length"]=>
  int(6)
}
array(3) {
  ["type"]=>
  string(8) "straight"
  ["value"]=>
  int(7)
  ["length"]=>
  int(6)
}
array(3) {
  ["type"]=>
  string(8) "straight"
  ["value"]=>
  int(6)
  ["length"]=>
  int(6)
}
array(3) {
  ["type"]=>
  string(8) "straight"
  ["value"]=>
  int(7)
  ["length"]=>
  int(6)
}
array(0) {
}
string(22) "shake success at fd :8"
string(22) "shake success at fd :9"
string(23) "shake success at fd :10"
array(0) {
}
array(2) {
  ["type"]=>
  string(8) "threeOne"
  ["value"]=>
  int(1)
}
array(2) {
  ["type"]=>
  string(8) "threeOne"
  ["value"]=>
  int(1)
}
array(2) {
  ["type"]=>
  string(8) "threeOne"
  ["value"]=>
  int(1)
}
array(2) {
  ["type"]=>
  string(8) "threeOne"
  ["value"]=>
  int(1)
}
array(2) {
  ["type"]=>
  string(4) "bomb"
  ["value"]=>
  int(11)
}
[2020-02-24 16:47:59 #24079.1]	INFO	Server is shutdown now
[2020-02-27 18:35:24 *1717.0]	WARNING	swSignalfd_onSignal (ERRNO 707): Unable to find callback function for signal Hangup: 1
[2020-02-27 18:35:24 #1714.1]	WARNING	swSignalfd_onSignal (ERRNO 707): Unable to find callback function for signal Hangup: 1
[2020-02-27 18:35:24 $1715.0]	WARNING	swSignal_callback (ERRNO 707): Unable to find callback function for signal Hangup: 1
[2020-02-27 18:35:24 $1715.0]	WARNING	swManager_check_exit_status: worker#1[pid=1718] abnormal exit, status=0, signal=1
[2020-02-28 14:14:34 #1714.1]	INFO	Server is shutdown now
[2020-03-01 18:46:00 *17279.0]	WARNING	swSignalfd_onSignal (ERRNO 707): Unable to find callback function for signal Hangup: 1
[2020-03-01 18:46:00 $17277.0]	WARNING	swSignal_callback (ERRNO 707): Unable to find callback function for signal Hangup: 1
[2020-03-01 18:46:00 $17277.0]	WARNING	swManager_check_exit_status: worker#1[pid=17280] abnormal exit, status=0, signal=1
[2020-03-01 18:46:00 #17276.1]	WARNING	swSignalfd_onSignal (ERRNO 707): Unable to find callback function for signal Hangup: 1
[2020-03-02 09:23:19 *17279.0]	NOTICE	php_swoole_server_rshutdown (ERRNO 9003): worker process is terminated by exit()/die()
[2020-03-02 09:25:20 *3272.0]	NOTICE	php_swoole_server_rshutdown (ERRNO 9003): worker process is terminated by exit()/die()
[2020-03-02 09:25:50 #17276.1]	INFO	Server is shutdown now
string(22) "shake success at fd :1"
string(22) "shake success at fd :2"
[2020-03-02 15:03:26 #11570.1]	INFO	Server is shutdown now
[2020-03-02 15:03:34 #22545.1]	INFO	Server is shutdown now
[2020-03-02 17:38:43 $31263.0]	WARNING	swManager_check_exit_status: worker#1[pid=31266] abnormal exit, status=255, signal=0
[2020-03-02 17:38:43 $31263.0]	WARNING	swManager_check_exit_status: worker#1[pid=31268] abnormal exit, status=255, signal=0
[2020-03-02 17:38:43 $31263.0]	WARNING	swManager_check_exit_status: worker#1[pid=31269] abnormal exit, status=255, signal=0
[2020-03-02 17:38:43 $31263.0]	WARNING	swManager_check_exit_status: worker#1[pid=31270] abnormal exit, status=255, signal=0
[2020-03-02 17:38:43 $31263.0]	WARNING	swManager_check_exit_status: worker#1[pid=31271] abnormal exit, status=255, signal=0
[2020-03-02 17:38:43 $31263.0]	WARNING	swManager_check_exit_status: worker#1[pid=31272] abnormal exit, status=255, signal=0
[2020-03-02 17:38:43 $31263.0]	WARNING	swManager_check_exit_status: worker#1[pid=31273] abnormal exit, status=255, signal=0
[2020-03-02 17:38:43 $31263.0]	WARNING	swManager_check_exit_status: worker#1[pid=31274] abnormal exit, status=255, signal=0
[2020-03-02 17:38:43 $31263.0]	WARNING	swManager_check_exit_status: worker#1[pid=31275] abnormal exit, status=255, signal=0
[2020-03-02 17:38:43 $31263.0]	WARNING	swManager_check_exit_status: worker#1[pid=31276] abnormal exit, status=255, signal=0
[2020-03-02 17:38:43 $31263.0]	WARNING	swManager_check_exit_status: worker#1[pid=31277] abnormal exit, status=255, signal=0
[2020-03-02 17:38:43 $31263.0]	WARNING	swManager_check_exit_status: worker#1[pid=31278] abnormal exit, status=255, signal=0
[2020-03-02 17:38:43 $31263.0]	WARNING	swManager_check_exit_status: worker#1[pid=31279] abnormal exit, status=255, signal=0
[2020-03-02 17:38:43 $31263.0]	WARNING	swManager_check_exit_status: worker#1[pid=31280] abnormal exit, status=255, signal=0
[2020-03-02 17:38:43 $31263.0]	WARNING	swManager_check_exit_status: worker#1[pid=31281] abnormal exit, status=255, signal=0
[2020-03-02 17:38:43 $31263.0]	WARNING	swManager_check_exit_status: worker#1[pid=31282] abnormal exit, status=255, signal=0
[2020-03-02 17:38:43 $31263.0]	WARNING	swManager_check_exit_status: worker#1[pid=31283] abnormal exit, status=255, signal=0
[2020-03-02 17:38:44 $31263.0]	WARNING	swManager_check_exit_status: worker#1[pid=31284] abnormal exit, status=255, signal=0
[2020-03-02 17:38:44 $31263.0]	WARNING	swManager_check_exit_status: worker#1[pid=31285] abnormal exit, status=255, signal=0
[2020-03-02 17:38:44 $31263.0]	WARNING	swManager_check_exit_status: worker#1[pid=31286] abnormal exit, status=255, signal=0
[2020-03-02 17:38:44 $31263.0]	WARNING	swManager_check_exit_status: worker#1[pid=31287] abnormal exit, status=255, signal=0
[2020-03-02 17:38:44 $31263.0]	WARNING	swManager_check_exit_status: worker#1[pid=31288] abnormal exit, status=255, signal=0
[2020-03-02 17:38:44 $31263.0]	WARNING	swManager_check_exit_status: worker#1[pid=31289] abnormal exit, status=255, signal=0
[2020-03-02 17:38:44 $31263.0]	WARNING	swManager_check_exit_status: worker#1[pid=31290] abnormal exit, status=255, signal=0
[2020-03-02 17:38:44 $31263.0]	WARNING	swManager_check_exit_status: worker#1[pid=31291] abnormal exit, status=255, signal=0
[2020-03-02 17:38:44 $31263.0]	WARNING	swManager_check_exit_status: worker#1[pid=31292] abnormal exit, status=255, signal=0
[2020-03-02 17:38:44 $31263.0]	WARNING	swManager_check_exit_status: worker#1[pid=31293] abnormal exit, status=255, signal=0
[2020-03-02 17:38:44 $31263.0]	WARNING	swManager_check_exit_status: worker#1[pid=31294] abnormal exit, status=255, signal=0
[2020-03-02 17:38:44 $31263.0]	WARNING	swManager_check_exit_status: worker#1[pid=31295] abnormal exit, status=255, signal=0
[2020-03-02 17:38:44 $31263.0]	WARNING	swManager_check_exit_status: worker#1[pid=31296] abnormal exit, status=255, signal=0
[2020-03-02 17:38:44 $31263.0]	WARNING	swManager_check_exit_status: worker#1[pid=31297] abnormal exit, status=255, signal=0
[2020-03-02 17:38:44 $31263.0]	WARNING	swManager_check_exit_status: worker#1[pid=31298] abnormal exit, status=255, signal=0
[2020-03-02 17:38:44 $31263.0]	WARNING	swManager_check_exit_status: worker#1[pid=31299] abnormal exit, status=255, signal=0
[2020-03-02 17:38:44 $31263.0]	WARNING	swManager_check_exit_status: worker#1[pid=31300] abnormal exit, status=255, signal=0
[2020-03-02 17:38:44 $31263.0]	WARNING	swManager_check_exit_status: worker#1[pid=31301] abnormal exit, status=255, signal=0
[2020-03-02 17:38:44 $31263.0]	WARNING	swManager_check_exit_status: worker#1[pid=31302] abnormal exit, status=255, signal=0
[2020-03-02 17:38:44 $31263.0]	WARNING	swManager_check_exit_status: worker#1[pid=31303] abnormal exit, status=255, signal=0
[2020-03-02 17:38:44 $31263.0]	WARNING	swManager_check_exit_status: worker#1[pid=31304] abnormal exit, status=255, signal=0
[2020-03-02 17:38:44 $31263.0]	WARNING	swManager_check_exit_status: worker#1[pid=31305] abnormal exit, status=255, signal=0
[2020-03-02 17:38:44 $31263.0]	WARNING	swManager_check_exit_status: worker#1[pid=31306] abnormal exit, status=255, signal=0
[2020-03-02 17:38:44 $31263.0]	WARNING	swManager_check_exit_status: worker#1[pid=31307] abnormal exit, status=255, signal=0
[2020-03-02 17:38:44 $31263.0]	WARNING	swManager_check_exit_status: worker#1[pid=31308] abnormal exit, status=255, signal=0
[2020-03-02 17:38:44 $31263.0]	WARNING	swManager_check_exit_status: worker#1[pid=31309] abnormal exit, status=255, signal=0
[2020-03-02 17:38:44 $31263.0]	WARNING	swManager_check_exit_status: worker#1[pid=31310] abnormal exit, status=255, signal=0
[2020-03-02 17:38:44 $31263.0]	WARNING	swManager_check_exit_status: worker#1[pid=31311] abnormal exit, status=255, signal=0
[2020-03-02 17:38:44 $31263.0]	WARNING	swManager_check_exit_status: worker#1[pid=31312] abnormal exit, status=255, signal=0
[2020-03-02 17:38:44 $31263.0]	WARNING	swManager_check_exit_status: worker#1[pid=31313] abnormal exit, status=255, signal=0
[2020-03-02 17:38:44 $31263.0]	WARNING	swManager_check_exit_status: worker#1[pid=31314] abnormal exit, status=255, signal=0
[2020-03-02 17:38:44 $31263.0]	WARNING	swManager_check_exit_status: worker#1[pid=31315] abnormal exit, status=255, signal=0
[2020-03-02 17:38:44 $31263.0]	WARNING	swManager_check_exit_status: worker#1[pid=31316] abnormal exit, status=255, signal=0
[2020-03-02 17:38:44 $31263.0]	WARNING	swManager_check_exit_status: worker#1[pid=31317] abnormal exit, status=255, signal=0
[2020-03-02 17:38:44 $31263.0]	WARNING	swManager_check_exit_status: worker#1[pid=31318] abnormal exit, status=255, signal=0
[2020-03-02 17:40:38 $31424.0]	WARNING	swManager_check_exit_status: worker#1[pid=31427] abnormal exit, status=255, signal=0
[2020-03-02 17:40:38 $31424.0]	WARNING	swManager_check_exit_status: worker#1[pid=31430] abnormal exit, status=255, signal=0
[2020-03-02 17:40:38 $31424.0]	WARNING	swManager_check_exit_status: worker#1[pid=31431] abnormal exit, status=255, signal=0
[2020-03-02 17:40:38 $31424.0]	WARNING	swManager_check_exit_status: worker#1[pid=31432] abnormal exit, status=255, signal=0
[2020-03-02 17:40:38 $31424.0]	WARNING	swManager_check_exit_status: worker#1[pid=31433] abnormal exit, status=255, signal=0
[2020-03-02 17:40:38 $31424.0]	WARNING	swManager_check_exit_status: worker#1[pid=31434] abnormal exit, status=255, signal=0
[2020-03-02 17:40:38 $31424.0]	WARNING	swManager_check_exit_status: worker#1[pid=31435] abnormal exit, status=255, signal=0
[2020-03-02 17:40:38 $31424.0]	WARNING	swManager_check_exit_status: worker#1[pid=31436] abnormal exit, status=255, signal=0
[2020-03-02 17:40:38 $31424.0]	WARNING	swManager_check_exit_status: worker#1[pid=31437] abnormal exit, status=255, signal=0
[2020-03-02 17:40:38 $31424.0]	WARNING	swManager_check_exit_status: worker#1[pid=31438] abnormal exit, status=255, signal=0
[2020-03-02 17:40:38 $31424.0]	WARNING	swManager_check_exit_status: worker#1[pid=31439] abnormal exit, status=255, signal=0
[2020-03-02 17:40:38 $31424.0]	WARNING	swManager_check_exit_status: worker#1[pid=31440] abnormal exit, status=255, signal=0
[2020-03-02 17:40:38 $31424.0]	WARNING	swManager_check_exit_status: worker#1[pid=31441] abnormal exit, status=255, signal=0
[2020-03-02 17:40:38 $31424.0]	WARNING	swManager_check_exit_status: worker#1[pid=31442] abnormal exit, status=255, signal=0
[2020-03-02 17:40:38 $31424.0]	WARNING	swManager_check_exit_status: worker#1[pid=31443] abnormal exit, status=255, signal=0
[2020-03-02 17:40:38 $31424.0]	WARNING	swManager_check_exit_status: worker#1[pid=31444] abnormal exit, status=255, signal=0
[2020-03-02 17:40:38 $31424.0]	WARNING	swManager_check_exit_status: worker#1[pid=31445] abnormal exit, status=255, signal=0
[2020-03-02 17:40:38 $31424.0]	WARNING	swManager_check_exit_status: worker#1[pid=31446] abnormal exit, status=255, signal=0
[2020-03-02 17:40:38 $31424.0]	WARNING	swManager_check_exit_status: worker#1[pid=31447] abnormal exit, status=255, signal=0
[2020-03-02 17:40:38 $31424.0]	WARNING	swManager_check_exit_status: worker#1[pid=31448] abnormal exit, status=255, signal=0
[2020-03-02 17:40:38 $31424.0]	WARNING	swManager_check_exit_status: worker#1[pid=31449] abnormal exit, status=255, signal=0
[2020-03-02 17:40:38 $31424.0]	WARNING	swManager_check_exit_status: worker#1[pid=31450] abnormal exit, status=255, signal=0
[2020-03-02 17:40:38 $31424.0]	WARNING	swManager_check_exit_status: worker#1[pid=31451] abnormal exit, status=255, signal=0
[2020-03-02 17:40:38 $31424.0]	WARNING	swManager_check_exit_status: worker#1[pid=31452] abnormal exit, status=255, signal=0
[2020-03-02 17:40:38 $31424.0]	WARNING	swManager_check_exit_status: worker#1[pid=31453] abnormal exit, status=255, signal=0
[2020-03-02 17:40:38 $31424.0]	WARNING	swManager_check_exit_status: worker#1[pid=31454] abnormal exit, status=255, signal=0
[2020-03-02 17:40:38 $31424.0]	WARNING	swManager_check_exit_status: worker#1[pid=31455] abnormal exit, status=255, signal=0
[2020-03-02 17:40:38 $31424.0]	WARNING	swManager_check_exit_status: worker#1[pid=31456] abnormal exit, status=255, signal=0
[2020-03-02 17:40:38 $31424.0]	WARNING	swManager_check_exit_status: worker#1[pid=31457] abnormal exit, status=255, signal=0
[2020-03-02 17:40:38 $31424.0]	WARNING	swManager_check_exit_status: worker#1[pid=31458] abnormal exit, status=255, signal=0
[2020-03-02 17:40:38 $31424.0]	WARNING	swManager_check_exit_status: worker#1[pid=31459] abnormal exit, status=255, signal=0
[2020-03-02 17:40:39 $31424.0]	WARNING	swManager_check_exit_status: worker#1[pid=31460] abnormal exit, status=255, signal=0
[2020-03-02 17:40:39 $31424.0]	WARNING	swManager_check_exit_status: worker#1[pid=31461] abnormal exit, status=255, signal=0
[2020-03-02 17:40:39 $31424.0]	WARNING	swManager_check_exit_status: worker#1[pid=31462] abnormal exit, status=255, signal=0
[2020-03-02 17:40:39 $31424.0]	WARNING	swManager_check_exit_status: worker#1[pid=31463] abnormal exit, status=255, signal=0
[2020-03-02 17:40:39 $31424.0]	WARNING	swManager_check_exit_status: worker#1[pid=31464] abnormal exit, status=255, signal=0
[2020-03-02 17:40:39 $31424.0]	WARNING	swManager_check_exit_status: worker#1[pid=31465] abnormal exit, status=255, signal=0
[2020-03-02 17:40:39 $31424.0]	WARNING	swManager_check_exit_status: worker#1[pid=31466] abnormal exit, status=255, signal=0
[2020-03-02 17:40:39 $31424.0]	WARNING	swManager_check_exit_status: worker#1[pid=31467] abnormal exit, status=255, signal=0
[2020-03-02 17:40:39 $31424.0]	WARNING	swManager_check_exit_status: worker#1[pid=31468] abnormal exit, status=255, signal=0
[2020-03-02 17:40:39 $31424.0]	WARNING	swManager_check_exit_status: worker#1[pid=31469] abnormal exit, status=255, signal=0
[2020-03-02 17:40:39 $31424.0]	WARNING	swManager_check_exit_status: worker#1[pid=31470] abnormal exit, status=255, signal=0
[2020-03-02 17:40:39 $31424.0]	WARNING	swManager_check_exit_status: worker#1[pid=31471] abnormal exit, status=255, signal=0
[2020-03-02 17:40:39 $31424.0]	WARNING	swManager_check_exit_status: worker#1[pid=31472] abnormal exit, status=255, signal=0
[2020-03-02 17:40:39 $31424.0]	WARNING	swManager_check_exit_status: worker#1[pid=31473] abnormal exit, status=255, signal=0
[2020-03-02 17:40:39 $31424.0]	WARNING	swManager_check_exit_status: worker#1[pid=31474] abnormal exit, status=255, signal=0
[2020-03-02 17:40:39 $31424.0]	WARNING	swManager_check_exit_status: worker#1[pid=31475] abnormal exit, status=255, signal=0
[2020-03-02 17:40:39 $31424.0]	WARNING	swManager_check_exit_status: worker#1[pid=31476] abnormal exit, status=255, signal=0
[2020-03-02 17:40:39 $31424.0]	WARNING	swManager_check_exit_status: worker#1[pid=31477] abnormal exit, status=255, signal=0
[2020-03-02 17:40:39 $31424.0]	WARNING	swManager_check_exit_status: worker#1[pid=31478] abnormal exit, status=255, signal=0
[2020-03-02 17:40:39 $31424.0]	WARNING	swManager_check_exit_status: worker#1[pid=31479] abnormal exit, status=255, signal=0
[2020-03-02 17:40:39 $31424.0]	WARNING	swManager_check_exit_status: worker#1[pid=31480] abnormal exit, status=255, signal=0
[2020-03-02 17:40:39 $31424.0]	WARNING	swManager_check_exit_status: worker#1[pid=31481] abnormal exit, status=255, signal=0
[2020-03-02 17:40:39 $31424.0]	WARNING	swManager_check_exit_status: worker#1[pid=31482] abnormal exit, status=255, signal=0
[2020-03-02 17:40:39 $31424.0]	WARNING	swManager_check_exit_status: worker#1[pid=31483] abnormal exit, status=255, signal=0
[2020-03-02 17:40:39 $31424.0]	WARNING	swManager_check_exit_status: worker#1[pid=31484] abnormal exit, status=255, signal=0
[2020-03-02 17:40:39 $31424.0]	WARNING	swManager_check_exit_status: worker#1[pid=31485] abnormal exit, status=255, signal=0
[2020-03-02 17:40:39 $31424.0]	WARNING	swManager_check_exit_status: worker#1[pid=31486] abnormal exit, status=255, signal=0
[2020-03-02 17:40:39 $31424.0]	WARNING	swManager_check_exit_status: worker#1[pid=31488] abnormal exit, status=255, signal=0
[2020-03-02 17:40:39 $31424.0]	WARNING	swManager_check_exit_status: worker#1[pid=31489] abnormal exit, status=255, signal=0
[2020-03-02 17:40:39 $31424.0]	WARNING	swManager_check_exit_status: worker#1[pid=31490] abnormal exit, status=255, signal=0
[2020-03-02 17:40:39 $31424.0]	WARNING	swManager_check_exit_status: worker#1[pid=31491] abnormal exit, status=255, signal=0
[2020-03-02 17:40:39 $31424.0]	WARNING	swManager_check_exit_status: worker#1[pid=31492] abnormal exit, status=255, signal=0
[2020-03-02 17:40:39 $31424.0]	WARNING	swManager_check_exit_status: worker#1[pid=31493] abnormal exit, status=255, signal=0
[2020-03-02 17:40:39 $31424.0]	WARNING	swManager_check_exit_status: worker#1[pid=31494] abnormal exit, status=255, signal=0
[2020-03-02 17:40:39 $31424.0]	WARNING	swManager_check_exit_status: worker#1[pid=31495] abnormal exit, status=255, signal=0
[2020-03-02 17:40:39 $31424.0]	WARNING	swManager_check_exit_status: worker#1[pid=31496] abnormal exit, status=255, signal=0
[2020-03-02 17:40:39 $31424.0]	WARNING	swManager_check_exit_status: worker#1[pid=31497] abnormal exit, status=255, signal=0
[2020-03-02 17:40:39 $31424.0]	WARNING	swManager_check_exit_status: worker#1[pid=31498] abnormal exit, status=255, signal=0
[2020-03-02 17:40:39 $31424.0]	WARNING	swManager_check_exit_status: worker#1[pid=31499] abnormal exit, status=255, signal=0
[2020-03-02 17:40:39 $31424.0]	WARNING	swManager_check_exit_status: worker#1[pid=31500] abnormal exit, status=255, signal=0
[2020-03-02 17:40:55 $31522.0]	WARNING	swManager_check_exit_status: worker#1[pid=31525] abnormal exit, status=255, signal=0
[2020-03-02 17:40:55 $31522.0]	WARNING	swManager_check_exit_status: worker#1[pid=31527] abnormal exit, status=255, signal=0
[2020-03-02 17:40:55 $31522.0]	WARNING	swManager_check_exit_status: worker#1[pid=31528] abnormal exit, status=255, signal=0
[2020-03-02 17:40:55 $31522.0]	WARNING	swManager_check_exit_status: worker#1[pid=31529] abnormal exit, status=255, signal=0
[2020-03-02 17:40:55 $31522.0]	WARNING	swManager_check_exit_status: worker#1[pid=31530] abnormal exit, status=255, signal=0
[2020-03-02 17:40:55 $31522.0]	WARNING	swManager_check_exit_status: worker#1[pid=31531] abnormal exit, status=255, signal=0
[2020-03-02 17:40:55 $31522.0]	WARNING	swManager_check_exit_status: worker#1[pid=31532] abnormal exit, status=255, signal=0
[2020-03-02 17:40:55 $31522.0]	WARNING	swManager_check_exit_status: worker#1[pid=31533] abnormal exit, status=255, signal=0
[2020-03-02 17:40:55 $31522.0]	WARNING	swManager_check_exit_status: worker#1[pid=31534] abnormal exit, status=255, signal=0
[2020-03-02 17:40:55 $31522.0]	WARNING	swManager_check_exit_status: worker#1[pid=31535] abnormal exit, status=255, signal=0
[2020-03-02 17:40:55 $31522.0]	WARNING	swManager_check_exit_status: worker#1[pid=31536] abnormal exit, status=255, signal=0
[2020-03-02 17:40:55 $31522.0]	WARNING	swManager_check_exit_status: worker#1[pid=31537] abnormal exit, status=255, signal=0
[2020-03-02 17:40:55 $31522.0]	WARNING	swManager_check_exit_status: worker#1[pid=31538] abnormal exit, status=255, signal=0
[2020-03-02 17:40:55 $31522.0]	WARNING	swManager_check_exit_status: worker#1[pid=31540] abnormal exit, status=255, signal=0
[2020-03-02 17:40:55 $31522.0]	WARNING	swManager_check_exit_status: worker#1[pid=31541] abnormal exit, status=255, signal=0
[2020-03-02 17:40:55 $31522.0]	WARNING	swManager_check_exit_status: worker#1[pid=31542] abnormal exit, status=255, signal=0
[2020-03-02 17:40:55 $31522.0]	WARNING	swManager_check_exit_status: worker#1[pid=31543] abnormal exit, status=255, signal=0
[2020-03-02 17:40:55 $31522.0]	WARNING	swManager_check_exit_status: worker#1[pid=31544] abnormal exit, status=255, signal=0
[2020-03-02 17:40:55 $31522.0]	WARNING	swManager_check_exit_status: worker#1[pid=31545] abnormal exit, status=255, signal=0
[2020-03-02 17:40:55 $31522.0]	WARNING	swManager_check_exit_status: worker#1[pid=31546] abnormal exit, status=255, signal=0
[2020-03-02 17:40:55 $31522.0]	WARNING	swManager_check_exit_status: worker#1[pid=31547] abnormal exit, status=255, signal=0
[2020-03-02 17:40:55 $31522.0]	WARNING	swManager_check_exit_status: worker#1[pid=31548] abnormal exit, status=255, signal=0
[2020-03-02 17:40:55 $31522.0]	WARNING	swManager_check_exit_status: worker#1[pid=31549] abnormal exit, status=255, signal=0
[2020-03-02 17:40:55 $31522.0]	WARNING	swManager_check_exit_status: worker#1[pid=31550] abnormal exit, status=255, signal=0
[2020-03-02 17:40:55 $31522.0]	WARNING	swManager_check_exit_status: worker#1[pid=31551] abnormal exit, status=255, signal=0
[2020-03-02 17:40:56 $31522.0]	WARNING	swManager_check_exit_status: worker#1[pid=31552] abnormal exit, status=255, signal=0
[2020-03-02 17:40:56 $31522.0]	WARNING	swManager_check_exit_status: worker#1[pid=31553] abnormal exit, status=255, signal=0
[2020-03-02 17:40:56 $31522.0]	WARNING	swManager_check_exit_status: worker#1[pid=31554] abnormal exit, status=255, signal=0
[2020-03-02 17:40:56 $31522.0]	WARNING	swManager_check_exit_status: worker#1[pid=31555] abnormal exit, status=255, signal=0
[2020-03-02 17:40:56 $31522.0]	WARNING	swManager_check_exit_status: worker#1[pid=31556] abnormal exit, status=255, signal=0
[2020-03-02 17:40:56 $31522.0]	WARNING	swManager_check_exit_status: worker#1[pid=31557] abnormal exit, status=255, signal=0
[2020-03-02 17:40:56 $31522.0]	WARNING	swManager_check_exit_status: worker#1[pid=31558] abnormal exit, status=255, signal=0
[2020-03-02 17:40:56 $31522.0]	WARNING	swManager_check_exit_status: worker#1[pid=31559] abnormal exit, status=255, signal=0
[2020-03-02 17:40:56 $31522.0]	WARNING	swManager_check_exit_status: worker#1[pid=31560] abnormal exit, status=255, signal=0
[2020-03-02 17:40:56 $31522.0]	WARNING	swManager_check_exit_status: worker#1[pid=31561] abnormal exit, status=255, signal=0
[2020-03-02 17:40:56 $31522.0]	WARNING	swManager_check_exit_status: worker#1[pid=31562] abnormal exit, status=255, signal=0
[2020-03-02 17:40:56 $31522.0]	WARNING	swManager_check_exit_status: worker#1[pid=31563] abnormal exit, status=255, signal=0
[2020-03-02 17:40:56 $31522.0]	WARNING	swManager_check_exit_status: worker#1[pid=31564] abnormal exit, status=255, signal=0
[2020-03-02 17:40:56 $31522.0]	WARNING	swManager_check_exit_status: worker#1[pid=31565] abnormal exit, status=255, signal=0
[2020-03-02 17:40:56 $31522.0]	WARNING	swManager_check_exit_status: worker#1[pid=31566] abnormal exit, status=255, signal=0
[2020-03-02 17:40:56 $31522.0]	WARNING	swManager_check_exit_status: worker#1[pid=31567] abnormal exit, status=255, signal=0
[2020-03-02 17:40:56 $31522.0]	WARNING	swManager_check_exit_status: worker#1[pid=31568] abnormal exit, status=255, signal=0
[2020-03-02 17:40:56 $31522.0]	WARNING	swManager_check_exit_status: worker#1[pid=31569] abnormal exit, status=255, signal=0
[2020-03-02 17:40:56 $31522.0]	WARNING	swManager_check_exit_status: worker#1[pid=31570] abnormal exit, status=255, signal=0
[2020-03-02 17:40:56 $31522.0]	WARNING	swManager_check_exit_status: worker#1[pid=31571] abnormal exit, status=255, signal=0
[2020-03-02 17:40:56 $31522.0]	WARNING	swManager_check_exit_status: worker#1[pid=31572] abnormal exit, status=255, signal=0
[2020-03-02 17:40:56 $31522.0]	WARNING	swManager_check_exit_status: worker#1[pid=31573] abnormal exit, status=255, signal=0
[2020-03-02 17:40:56 $31522.0]	WARNING	swManager_check_exit_status: worker#1[pid=31574] abnormal exit, status=255, signal=0
[2020-03-02 17:40:56 $31522.0]	WARNING	swManager_check_exit_status: worker#1[pid=31575] abnormal exit, status=255, signal=0
[2020-03-02 17:40:56 $31522.0]	WARNING	swManager_check_exit_status: worker#1[pid=31576] abnormal exit, status=255, signal=0
[2020-03-02 17:40:56 $31522.0]	WARNING	swManager_check_exit_status: worker#1[pid=31577] abnormal exit, status=255, signal=0
[2020-03-02 17:40:56 $31522.0]	WARNING	swManager_check_exit_status: worker#1[pid=31578] abnormal exit, status=255, signal=0
[2020-03-02 17:40:56 $31522.0]	WARNING	swManager_check_exit_status: worker#1[pid=31579] abnormal exit, status=255, signal=0
[2020-03-02 17:40:56 $31522.0]	WARNING	swManager_check_exit_status: worker#1[pid=31580] abnormal exit, status=255, signal=0
[2020-03-02 17:40:56 $31522.0]	WARNING	swManager_check_exit_status: worker#1[pid=31581] abnormal exit, status=255, signal=0
[2020-03-02 17:40:56 $31522.0]	WARNING	swManager_check_exit_status: worker#1[pid=31582] abnormal exit, status=255, signal=0
[2020-03-02 17:40:56 $31522.0]	WARNING	swManager_check_exit_status: worker#1[pid=31583] abnormal exit, status=255, signal=0
[2020-03-02 17:40:56 $31522.0]	WARNING	swManager_check_exit_status: worker#1[pid=31584] abnormal exit, status=255, signal=0
[2020-03-02 17:40:56 $31522.0]	WARNING	swManager_check_exit_status: worker#1[pid=31585] abnormal exit, status=255, signal=0
[2020-03-02 17:40:56 $31522.0]	WARNING	swManager_check_exit_status: worker#1[pid=31586] abnormal exit, status=255, signal=0
[2020-03-02 17:40:56 $31522.0]	WARNING	swManager_check_exit_status: worker#1[pid=31587] abnormal exit, status=255, signal=0
[2020-03-02 17:40:56 $31522.0]	WARNING	swManager_check_exit_status: worker#1[pid=31588] abnormal exit, status=255, signal=0
[2020-03-02 17:40:56 $31522.0]	WARNING	swManager_check_exit_status: worker#1[pid=31589] abnormal exit, status=255, signal=0
[2020-03-02 17:40:56 $31522.0]	WARNING	swManager_check_exit_status: worker#1[pid=31590] abnormal exit, status=255, signal=0
[2020-03-02 17:40:56 $31522.0]	WARNING	swManager_check_exit_status: worker#1[pid=31591] abnormal exit, status=255, signal=0
[2020-03-02 17:40:56 $31522.0]	WARNING	swManager_check_exit_status: worker#1[pid=31592] abnormal exit, status=255, signal=0
[2020-03-02 17:40:56 $31522.0]	WARNING	swManager_check_exit_status: worker#1[pid=31593] abnormal exit, status=255, signal=0
[2020-03-02 17:40:56 $31522.0]	WARNING	swManager_check_exit_status: worker#1[pid=31594] abnormal exit, status=255, signal=0
[2020-03-02 17:40:57 $31522.0]	WARNING	swManager_check_exit_status: worker#1[pid=31595] abnormal exit, status=255, signal=0
[2020-03-02 17:40:57 $31522.0]	WARNING	swManager_check_exit_status: worker#1[pid=31597] abnormal exit, status=255, signal=0
[2020-03-02 17:40:57 $31522.0]	WARNING	swManager_check_exit_status: worker#1[pid=31598] abnormal exit, status=255, signal=0
[2020-03-02 17:40:57 $31522.0]	WARNING	swManager_check_exit_status: worker#1[pid=31599] abnormal exit, status=255, signal=0
[2020-03-02 17:40:57 $31522.0]	WARNING	swManager_check_exit_status: worker#1[pid=31600] abnormal exit, status=255, signal=0
[2020-03-02 17:40:57 $31522.0]	WARNING	swManager_check_exit_status: worker#1[pid=31601] abnormal exit, status=255, signal=0
[2020-03-02 17:40:57 $31522.0]	WARNING	swManager_check_exit_status: worker#1[pid=31602] abnormal exit, status=255, signal=0
[2020-03-02 17:40:57 $31522.0]	WARNING	swManager_check_exit_status: worker#1[pid=31603] abnormal exit, status=255, signal=0
[2020-03-02 17:40:57 $31522.0]	WARNING	swManager_check_exit_status: worker#1[pid=31604] abnormal exit, status=255, signal=0
[2020-03-02 17:40:57 $31522.0]	WARNING	swManager_check_exit_status: worker#1[pid=31605] abnormal exit, status=255, signal=0
[2020-03-02 17:40:57 $31522.0]	WARNING	swManager_check_exit_status: worker#1[pid=31606] abnormal exit, status=255, signal=0
[2020-03-02 17:40:57 $31522.0]	WARNING	swManager_check_exit_status: worker#1[pid=31607] abnormal exit, status=255, signal=0
[2020-03-02 17:40:57 $31522.0]	WARNING	swManager_check_exit_status: worker#1[pid=31608] abnormal exit, status=255, signal=0
[2020-03-02 17:40:57 $31522.0]	WARNING	swManager_check_exit_status: worker#1[pid=31609] abnormal exit, status=255, signal=0
[2020-03-02 17:40:57 $31522.0]	WARNING	swManager_check_exit_status: worker#1[pid=31610] abnormal exit, status=255, signal=0
[2020-03-02 17:40:57 $31522.0]	WARNING	swManager_check_exit_status: worker#1[pid=31611] abnormal exit, status=255, signal=0
[2020-03-02 17:40:57 $31522.0]	WARNING	swManager_check_exit_status: worker#1[pid=31612] abnormal exit, status=255, signal=0
[2020-03-02 17:40:57 $31522.0]	WARNING	swManager_check_exit_status: worker#1[pid=31613] abnormal exit, status=255, signal=0
[2020-03-02 17:40:57 $31522.0]	WARNING	swManager_check_exit_status: worker#1[pid=31614] abnormal exit, status=255, signal=0
[2020-03-02 17:40:57 $31522.0]	WARNING	swManager_check_exit_status: worker#1[pid=31615] abnormal exit, status=255, signal=0
[2020-03-02 17:40:57 $31522.0]	WARNING	swManager_check_exit_status: worker#1[pid=31616] abnormal exit, status=255, signal=0
[2020-03-02 17:40:57 $31522.0]	WARNING	swManager_check_exit_status: worker#1[pid=31617] abnormal exit, status=255, signal=0
[2020-03-02 17:40:57 $31522.0]	WARNING	swManager_check_exit_status: worker#1[pid=31618] abnormal exit, status=255, signal=0
[2020-03-02 17:40:57 $31522.0]	WARNING	swManager_check_exit_status: worker#1[pid=31619] abnormal exit, status=255, signal=0
[2020-03-02 17:40:57 $31522.0]	WARNING	swManager_check_exit_status: worker#1[pid=31620] abnormal exit, status=255, signal=0
[2020-03-02 17:40:57 $31522.0]	WARNING	swManager_check_exit_status: worker#1[pid=31621] abnormal exit, status=255, signal=0
[2020-03-02 17:40:57 $31522.0]	WARNING	swManager_check_exit_status: worker#1[pid=31622] abnormal exit, status=255, signal=0
[2020-03-02 17:40:57 $31522.0]	WARNING	swManager_check_exit_status: worker#1[pid=31623] abnormal exit, status=255, signal=0
[2020-03-02 17:40:57 $31522.0]	WARNING	swManager_check_exit_status: worker#1[pid=31624] abnormal exit, status=255, signal=0
[2020-03-02 17:40:57 $31522.0]	WARNING	swManager_check_exit_status: worker#1[pid=31625] abnormal exit, status=255, signal=0
[2020-03-02 17:40:57 $31522.0]	WARNING	swManager_check_exit_status: worker#1[pid=31626] abnormal exit, status=255, signal=0
[2020-03-02 17:40:57 $31522.0]	WARNING	swManager_check_exit_status: worker#1[pid=31627] abnormal exit, status=255, signal=0
[2020-03-02 17:40:57 $31522.0]	WARNING	swManager_check_exit_status: worker#1[pid=31628] abnormal exit, status=255, signal=0
[2020-03-02 17:40:57 $31522.0]	WARNING	swManager_check_exit_status: worker#1[pid=31629] abnormal exit, status=255, signal=0
[2020-03-02 17:40:57 $31522.0]	WARNING	swManager_check_exit_status: worker#1[pid=31630] abnormal exit, status=255, signal=0
[2020-03-02 17:40:57 $31522.0]	WARNING	swManager_check_exit_status: worker#1[pid=31631] abnormal exit, status=255, signal=0
[2020-03-02 17:40:57 $31522.0]	WARNING	swManager_check_exit_status: worker#1[pid=31632] abnormal exit, status=255, signal=0
[2020-03-02 17:40:57 $31522.0]	WARNING	swManager_check_exit_status: worker#1[pid=31633] abnormal exit, status=255, signal=0
[2020-03-02 17:40:57 $31522.0]	WARNING	swManager_check_exit_status: worker#1[pid=31634] abnormal exit, status=255, signal=0
[2020-03-02 17:40:57 $31522.0]	WARNING	swManager_check_exit_status: worker#1[pid=31635] abnormal exit, status=255, signal=0
[2020-03-02 17:40:57 $31522.0]	WARNING	swManager_check_exit_status: worker#1[pid=31636] abnormal exit, status=255, signal=0
[2020-03-02 17:40:57 $31522.0]	WARNING	swManager_check_exit_status: worker#1[pid=31637] abnormal exit, status=255, signal=0
[2020-03-02 17:40:57 $31522.0]	WARNING	swManager_check_exit_status: worker#1[pid=31638] abnormal exit, status=255, signal=0
[2020-03-02 17:40:57 $31522.0]	WARNING	swManager_check_exit_status: worker#1[pid=31639] abnormal exit, status=255, signal=0
[2020-03-02 17:40:57 $31522.0]	WARNING	swManager_check_exit_status: worker#1[pid=31640] abnormal exit, status=255, signal=0
[2020-03-02 17:40:57 $31522.0]	WARNING	swManager_check_exit_status: worker#1[pid=31641] abnormal exit, status=255, signal=0
[2020-03-02 17:40:58 $31522.0]	WARNING	swManager_check_exit_status: worker#1[pid=31642] abnormal exit, status=255, signal=0
[2020-03-02 17:40:58 $31522.0]	WARNING	swManager_check_exit_status: worker#1[pid=31644] abnormal exit, status=255, signal=0
[2020-03-02 17:40:58 $31522.0]	WARNING	swManager_check_exit_status: worker#1[pid=31645] abnormal exit, status=255, signal=0
[2020-03-02 17:40:58 $31522.0]	WARNING	swManager_check_exit_status: worker#1[pid=31646] abnormal exit, status=255, signal=0
[2020-03-02 17:40:58 $31522.0]	WARNING	swManager_check_exit_status: worker#1[pid=31647] abnormal exit, status=255, signal=0
[2020-03-02 17:40:58 $31522.0]	WARNING	swManager_check_exit_status: worker#1[pid=31648] abnormal exit, status=255, signal=0
[2020-03-02 17:40:58 $31522.0]	WARNING	swManager_check_exit_status: worker#1[pid=31649] abnormal exit, status=255, signal=0
[2020-03-02 17:40:58 $31522.0]	WARNING	swManager_check_exit_status: worker#1[pid=31650] abnormal exit, status=255, signal=0
[2020-03-02 17:40:58 $31522.0]	WARNING	swManager_check_exit_status: worker#1[pid=31651] abnormal exit, status=255, signal=0
[2020-03-02 17:40:58 $31522.0]	WARNING	swManager_check_exit_status: worker#1[pid=31652] abnormal exit, status=255, signal=0
[2020-03-02 17:40:58 $31522.0]	WARNING	swManager_check_exit_status: worker#1[pid=31653] abnormal exit, status=255, signal=0
[2020-03-02 17:40:58 $31522.0]	WARNING	swManager_check_exit_status: worker#1[pid=31654] abnormal exit, status=255, signal=0
[2020-03-02 17:40:58 $31522.0]	WARNING	swManager_check_exit_status: worker#1[pid=31655] abnormal exit, status=255, signal=0
[2020-03-02 17:40:58 $31522.0]	WARNING	swManager_check_exit_status: worker#1[pid=31656] abnormal exit, status=255, signal=0
[2020-03-02 17:40:58 $31522.0]	WARNING	swManager_check_exit_status: worker#1[pid=31657] abnormal exit, status=255, signal=0
[2020-03-02 17:40:58 $31522.0]	WARNING	swManager_check_exit_status: worker#1[pid=31658] abnormal exit, status=255, signal=0
[2020-03-02 17:40:58 $31522.0]	WARNING	swManager_check_exit_status: worker#1[pid=31659] abnormal exit, status=255, signal=0
[2020-03-02 17:40:58 $31522.0]	WARNING	swManager_check_exit_status: worker#1[pid=31660] abnormal exit, status=255, signal=0
[2020-03-02 17:40:58 $31522.0]	WARNING	swManager_check_exit_status: worker#1[pid=31661] abnormal exit, status=255, signal=0
[2020-03-02 17:40:58 $31522.0]	WARNING	swManager_check_exit_status: worker#1[pid=31662] abnormal exit, status=255, signal=0
[2020-03-02 17:40:58 $31522.0]	WARNING	swManager_check_exit_status: worker#1[pid=31663] abnormal exit, status=255, signal=0
[2020-03-02 17:40:58 $31522.0]	WARNING	swManager_check_exit_status: worker#1[pid=31664] abnormal exit, status=255, signal=0
[2020-03-02 17:40:59 $31522.0]	WARNING	swManager_check_exit_status: worker#1[pid=31665] abnormal exit, status=255, signal=0
[2020-03-02 17:40:59 $31522.0]	WARNING	swManager_check_exit_status: worker#1[pid=31666] abnormal exit, status=255, signal=0
[2020-03-02 17:40:59 $31522.0]	WARNING	swManager_check_exit_status: worker#1[pid=31667] abnormal exit, status=255, signal=0
[2020-03-02 17:40:59 $31522.0]	WARNING	swManager_check_exit_status: worker#1[pid=31668] abnormal exit, status=255, signal=0
[2020-03-02 17:40:59 $31522.0]	WARNING	swManager_check_exit_status: worker#1[pid=31669] abnormal exit, status=255, signal=0
[2020-03-02 17:40:59 $31522.0]	WARNING	swManager_check_exit_status: worker#1[pid=31670] abnormal exit, status=255, signal=0
[2020-03-02 17:40:59 $31522.0]	WARNING	swManager_check_exit_status: worker#1[pid=31671] abnormal exit, status=255, signal=0
[2020-03-02 17:40:59 $31522.0]	WARNING	swManager_check_exit_status: worker#1[pid=31672] abnormal exit, status=255, signal=0
[2020-03-02 17:40:59 $31522.0]	WARNING	swManager_check_exit_status: worker#1[pid=31673] abnormal exit, status=255, signal=0
[2020-03-02 17:40:59 $31522.0]	WARNING	swManager_check_exit_status: worker#1[pid=31674] abnormal exit, status=255, signal=0
[2020-03-02 17:40:59 $31522.0]	WARNING	swManager_check_exit_status: worker#1[pid=31675] abnormal exit, status=255, signal=0
[2020-03-02 17:40:59 $31522.0]	WARNING	swManager_check_exit_status: worker#1[pid=31676] abnormal exit, status=255, signal=0
[2020-03-02 17:40:59 $31522.0]	WARNING	swManager_check_exit_status: worker#1[pid=31677] abnormal exit, status=255, signal=0
[2020-03-02 17:40:59 $31522.0]	WARNING	swManager_check_exit_status: worker#1[pid=31678] abnormal exit, status=255, signal=0
[2020-03-02 17:40:59 $31522.0]	WARNING	swManager_check_exit_status: worker#1[pid=31679] abnormal exit, status=255, signal=0
[2020-03-02 17:40:59 $31522.0]	WARNING	swManager_check_exit_status: worker#1[pid=31680] abnormal exit, status=255, signal=0
[2020-03-02 17:40:59 $31522.0]	WARNING	swManager_check_exit_status: worker#1[pid=31681] abnormal exit, status=255, signal=0
[2020-03-02 17:40:59 $31522.0]	WARNING	swManager_check_exit_status: worker#1[pid=31682] abnormal exit, status=255, signal=0
[2020-03-02 17:40:59 $31522.0]	WARNING	swManager_check_exit_status: worker#1[pid=31683] abnormal exit, status=255, signal=0
[2020-03-02 17:40:59 $31522.0]	WARNING	swManager_check_exit_status: worker#1[pid=31684] abnormal exit, status=255, signal=0
[2020-03-02 17:40:59 $31522.0]	WARNING	swManager_check_exit_status: worker#1[pid=31685] abnormal exit, status=255, signal=0
[2020-03-02 17:40:59 $31522.0]	WARNING	swManager_check_exit_status: worker#1[pid=31686] abnormal exit, status=255, signal=0
[2020-03-02 17:40:59 $31522.0]	WARNING	swManager_check_exit_status: worker#1[pid=31687] abnormal exit, status=255, signal=0
[2020-03-02 17:40:59 $31522.0]	WARNING	swManager_check_exit_status: worker#1[pid=31688] abnormal exit, status=255, signal=0
[2020-03-02 17:40:59 $31522.0]	WARNING	swManager_check_exit_status: worker#1[pid=31689] abnormal exit, status=255, signal=0
[2020-03-02 17:40:59 $31522.0]	WARNING	swManager_check_exit_status: worker#1[pid=31690] abnormal exit, status=255, signal=0
[2020-03-02 17:40:59 $31522.0]	WARNING	swManager_check_exit_status: worker#1[pid=31692] abnormal exit, status=255, signal=0
[2020-03-02 17:40:59 $31522.0]	WARNING	swManager_check_exit_status: worker#1[pid=31693] abnormal exit, status=255, signal=0
[2020-03-02 17:40:59 $31522.0]	WARNING	swManager_check_exit_status: worker#1[pid=31694] abnormal exit, status=255, signal=0
[2020-03-02 17:40:59 $31522.0]	WARNING	swManager_check_exit_status: worker#1[pid=31695] abnormal exit, status=255, signal=0
[2020-03-02 17:40:59 $31522.0]	WARNING	swManager_check_exit_status: worker#1[pid=31696] abnormal exit, status=255, signal=0
[2020-03-02 17:40:59 $31522.0]	WARNING	swManager_check_exit_status: worker#1[pid=31697] abnormal exit, status=255, signal=0
[2020-03-02 17:40:59 $31522.0]	WARNING	swManager_check_exit_status: worker#1[pid=31698] abnormal exit, status=255, signal=0
[2020-03-02 17:40:59 $31522.0]	WARNING	swManager_check_exit_status: worker#1[pid=31699] abnormal exit, status=255, signal=0
[2020-03-02 17:40:59 $31522.0]	WARNING	swManager_check_exit_status: worker#1[pid=31700] abnormal exit, status=255, signal=0
[2020-03-02 17:40:59 $31522.0]	WARNING	swManager_check_exit_status: worker#1[pid=31701] abnormal exit, status=255, signal=0
[2020-03-02 17:40:59 $31522.0]	WARNING	swManager_check_exit_status: worker#1[pid=31702] abnormal exit, status=255, signal=0
[2020-03-02 17:40:59 $31522.0]	WARNING	swManager_check_exit_status: worker#1[pid=31703] abnormal exit, status=255, signal=0
[2020-03-02 17:40:59 $31522.0]	WARNING	swManager_check_exit_status: worker#1[pid=31704] abnormal exit, status=255, signal=0
[2020-03-02 17:40:59 $31522.0]	WARNING	swManager_check_exit_status: worker#1[pid=31705] abnormal exit, status=255, signal=0
[2020-03-02 17:40:59 $31522.0]	WARNING	swManager_check_exit_status: worker#1[pid=31706] abnormal exit, status=255, signal=0
[2020-03-02 17:40:59 $31522.0]	WARNING	swManager_check_exit_status: worker#1[pid=31707] abnormal exit, status=255, signal=0
[2020-03-02 17:40:59 $31522.0]	WARNING	swManager_check_exit_status: worker#1[pid=31708] abnormal exit, status=255, signal=0
[2020-03-02 17:40:59 $31522.0]	WARNING	swManager_check_exit_status: worker#1[pid=31709] abnormal exit, status=255, signal=0
[2020-03-02 17:40:59 $31522.0]	WARNING	swManager_check_exit_status: worker#1[pid=31710] abnormal exit, status=255, signal=0
[2020-03-02 17:40:59 $31522.0]	WARNING	swManager_check_exit_status: worker#1[pid=31711] abnormal exit, status=255, signal=0
[2020-03-02 17:41:00 $31522.0]	WARNING	swManager_check_exit_status: worker#1[pid=31712] abnormal exit, status=255, signal=0
